<?xml version="1.0" encoding="UTF-8"?>
<testng-results ignored="0" total="1" passed="1" failed="0" skipped="0">
  <reporter-output>
  </reporter-output>
  <suite started-at="2022-05-26T11:52:39 IST" name="Default suite" finished-at="2022-05-26T11:52:39 IST" duration-ms="89">
    <groups>
    </groups>
    <test started-at="2022-05-26T11:52:39 IST" name="Default test" finished-at="2022-05-26T11:52:39 IST" duration-ms="89">
      <class name="testCase.sanpleTestNg">
        <test-method is-config="true" signature="beforeclass()[pri:0, instance:testCase.sanpleTestNg@6e4784bc]" started-at="2022-05-26T11:52:39 IST" name="beforeclass" finished-at="2022-05-26T11:52:39 IST" duration-ms="12" status="PASS">
          <reporter-output>
          </reporter-output>
        </test-method> <!-- beforeclass -->
        <test-method is-config="true" signature="beforemethod()[pri:0, instance:testCase.sanpleTestNg@6e4784bc]" started-at="2022-05-26T11:52:39 IST" name="beforemethod" finished-at="2022-05-26T11:52:39 IST" duration-ms="0" status="PASS">
          <reporter-output>
          </reporter-output>
        </test-method> <!-- beforemethod -->
        <test-method signature="test()[pri:0, instance:testCase.sanpleTestNg@6e4784bc]" started-at="2022-05-26T11:52:39 IST" name="test" finished-at="2022-05-26T11:52:39 IST" duration-ms="8" status="PASS">
          <reporter-output>
          </reporter-output>
        </test-method> <!-- test -->
        <test-method is-config="true" signature="aftermethod()[pri:0, instance:testCase.sanpleTestNg@6e4784bc]" started-at="2022-05-26T11:52:39 IST" name="aftermethod" finished-at="2022-05-26T11:52:39 IST" duration-ms="0" status="PASS">
          <reporter-output>
          </reporter-output>
        </test-method> <!-- aftermethod -->
        <test-method is-config="true" signature="afterclass()[pri:0, instance:testCase.sanpleTestNg@6e4784bc]" started-at="2022-05-26T11:52:39 IST" name="afterclass" finished-at="2022-05-26T11:52:39 IST" duration-ms="2" status="PASS">
          <reporter-output>
          </reporter-output>
        </test-method> <!-- afterclass -->
      </class> <!-- testCase.sanpleTestNg -->
    </test> <!-- Default test -->
  </suite> <!-- Default suite -->
</testng-results>
